-21961
-3057404184
-185022
-81478
2944045896
845221125
84212
-139883
-4898890983
-1059552048
3092770350
1841041300
696385296
-18182415
-44837
378935640
342
2352923922
2402647145
123068
3046092800
-87076
92461
-4288000
-935612655
-573226343
35610
38628
-2791113417
56024
1381477342
4820993688
207116946
-368146467
43338240
151099
46465
-30666
-134688
-157993
-66374
33968
-18965
-35714
604416000
74862
-44483
28444
-4329888780
-163558
-94159
-4888907436
-14872
45170
61264
-109464
4946
-116815
-88154
-163784
-2845272910
-113439
-7444393736
-2642847185
-18696
-85803
19090
-17009
-35517
92540
-674596728
-94211
-1012252649
27362
-40498
